<?xml version="1.0" encoding="UTF-8"?>
<!-- Generated by org.testng.reporters.JUnitXMLReporter -->
<testsuite hostname="DELL" name="Test" tests="5" failures="0" timestamp="13 Oct 2021 06:06:19 GMT" time="79.065" errors="0">
  <testcase name="LoginPageTitleTest" time="0.031" classname="com.tab.qa.testcase.LoginPageTest"/>
  <testcase name="LogoImage" time="0.047" classname="com.tab.qa.testcase.LoginPageTest"/>
  <testcase name="LoginTest" time="8.759" classname="com.tab.qa.testcase.LoginPageTest"/>
  <testcase name="verifyAddNewButton" time="0.062" classname="com.tab.qa.testcase.HomePageTest"/>
  <testcase name="verifyHomeTitleTest" time="0.016" classname="com.tab.qa.testcase.HomePageTest"/>
</testsuite> <!-- Test -->
